#
# A fatal error has been detected by the Java Runtime Environment:
#
#  EXCEPTION_ACCESS_VIOLATION (0xc0000005) at pc=0x00007ff8e8413416, pid=11472, tid=13180
#
# JRE version: OpenJDK Runtime Environment (16.0.2+7) (build 16.0.2+7-67)
# Java VM: OpenJDK 64-Bit Server VM (16.0.2+7-67, mixed mode, tiered, compressed oops, compressed class ptrs, g1 gc, windows-amd64)
# Problematic frame:
# C  [ntdll.dll+0x63416]
#
# No core dump will be written. Minidumps are not enabled by default on client versions of Windows
#
# If you would like to submit a bug report, please visit:
#   https://bugreport.java.com/bugreport/crash.jsp
# The crash happened outside the Java Virtual Machine in native code.
# See problematic frame for where to report the bug.
#

---------------  S U M M A R Y ------------

Command Line: -XX:+ShowCodeDetailsInExceptionMessages -agentlib:jdwp=transport=dt_socket,suspend=y,address=localhost:50437 -javaagent:C:\Users\Diogo\eclipse\java-2021-09\eclipse\configuration\org.eclipse.osgi\222\0\.cp\lib\javaagent-shaded.jar -Dfile.encoding=Cp1252 zeldaminiclone.Game

Host: AMD FX(tm)-6300 Six-Core Processor             , 6 cores, 11G,  Windows 10 , 64 bit Build 19041 (10.0.19041.1202)
Time: Sun Oct  3 16:34:45 2021 Hora oficial do Brasil elapsed time: 37.773319 seconds (0d 0h 0m 37s)

---------------  T H R E A D  ---------------

Current thread (0x0000020720675790):  JavaThread "Thread-0" [_thread_in_native, id=13180, stack(0x0000004b9e900000,0x0000004b9ea00000)]

Stack: [0x0000004b9e900000,0x0000004b9ea00000],  sp=0x0000004b9e9fe740,  free space=1017k
Native frames: (J=compiled Java code, j=interpreted, Vv=VM code, C=native code)
C  [ntdll.dll+0x63416]
C  [ntdll.dll+0x2fcb4]
C  [ntdll.dll+0x2fae2]
C  0x00007ff8cc8fd95c

Java frames: (J=compiled Java code, j=interpreted, Vv=VM code)
j  sun.java2d.d3d.D3DSurfaceData.initOps(III)V+0 java.desktop@16.0.2
j  sun.java2d.d3d.D3DSurfaceData.<init>(Lsun/awt/windows/WComponentPeer;Lsun/java2d/d3d/D3DGraphicsConfig;IILjava/awt/Image;Ljava/awt/image/ColorModel;IILsun/java2d/pipe/hw/ExtendedBufferCapabilities$VSyncType;I)V+212 java.desktop@16.0.2
j  sun.java2d.d3d.D3DSurfaceData.createData(Lsun/awt/windows/WComponentPeer;Ljava/awt/Image;)Lsun/java2d/d3d/D3DSurfaceData;+117 java.desktop@16.0.2
j  sun.java2d.d3d.D3DVolatileSurfaceManager.initAcceleratedSurface()Lsun/java2d/SurfaceData;+68 java.desktop@16.0.2
j  sun.java2d.d3d.D3DVolatileSurfaceManager.restoreAcceleratedSurface()V+49 java.desktop@16.0.2
J 1289 c1 sun.awt.image.VolatileSurfaceManager.validate(Ljava/awt/GraphicsConfiguration;)I java.desktop@16.0.2 (213 bytes) @ 0x0000020706c7542c [0x0000020706c74d80+0x00000000000006ac]
J 1288 c1 sun.awt.image.SunVolatileImage.validate(Ljava/awt/GraphicsConfiguration;)I java.desktop@16.0.2 (9 bytes) @ 0x0000020706c74954 [0x0000020706c74840+0x0000000000000114]
J 1297 c1 java.awt.Component$FlipBufferStrategy.revalidate()V java.desktop@16.0.2 (145 bytes) @ 0x0000020706c7a694 [0x0000020706c7a1c0+0x00000000000004d4]
J 1296 c1 java.awt.Component$FlipBufferStrategy.getDrawGraphics()Ljava/awt/Graphics; java.desktop@16.0.2 (12 bytes) @ 0x0000020706c78a44 [0x0000020706c78940+0x0000000000000104]
J 1294 c1 zeldaminiclone.Game.render()V (78 bytes) @ 0x0000020706c77ff4 [0x0000020706c77cc0+0x0000000000000334]
j  zeldaminiclone.Game.run()V+5
j  java.lang.Thread.run()V+11 java.base@16.0.2
v  ~StubRoutines::call_stub

siginfo: EXCEPTION_ACCESS_VIOLATION (0xc0000005), writing address 0x0000000000000024


Register to memory mapping:

RIP=0x00007ff8e8413416 ntdll.dll
RAX=0x0 is NULL
RBX=0x00000207202af208 points into unknown readable memory: 0x0000000000000000 | 00 00 00 00 00 00 00 00
RCX=0x00000207202af208 points into unknown readable memory: 0x0000000000000000 | 00 00 00 00 00 00 00 00
RDX=0x00000000fffffffa is an unknown value
RSP=0x0000004b9e9fe740 is pointing into the stack for thread: 0x0000020720675790
RBP=65536 is a compressed pointer to class: 0x0000000800010000
java.util.stream.FindOps$FindOp {0x0000000800010008}
RSI=0x0 is NULL
RDI=0x0 is NULL
R8 =0x0 is NULL
R9 =0x00000207202af200 points into unknown readable memory: 0x00007ff8cca42f10 | 10 2f a4 cc f8 7f 00 00
R10=0x000002072064c4a0 points into unknown readable memory: 0x0000001e00000003 | 03 00 00 00 1e 00 00 00
R11=0x00000207205fb160 points into unknown readable memory: 0x00007ff8b7e333e0 | e0 33 e3 b7 f8 7f 00 00
R12=0x0 is NULL
R13=0x0000004b9c248000 points into unknown readable memory: 0x0000000000000000 | 00 00 00 00 00 00 00 00
R14=0x0000000000000001 is an unknown value
R15=0x0 is NULL


Registers:
RAX=0x0000000000000000, RBX=0x00000207202af208, RCX=0x00000207202af208, RDX=0x00000000fffffffa
RSP=0x0000004b9e9fe740, RBP=0x0000000000010000, RSI=0x0000000000000000, RDI=0x0000000000000000
R8 =0x0000000000000000, R9 =0x00000207202af200, R10=0x000002072064c4a0, R11=0x00000207205fb160
R12=0x0000000000000000, R13=0x0000004b9c248000, R14=0x0000000000000001, R15=0x0000000000000000
RIP=0x00007ff8e8413416, EFLAGS=0x0000000000010213

Top of Stack: (sp=0x0000004b9e9fe740)
0x0000004b9e9fe740:   ffffffffffffffff 00000207202af208
0x0000004b9e9fe750:   0000004b9e9fea40 00000000000001d1
0x0000004b9e9fe760:   0000004b9e9fe848 0000004b9e9fe718
0x0000004b9e9fe770:   0000004b9e9fe759 0000000800000005
0x0000004b9e9fe780:   0000020720e33c00 00000000fffffffa
0x0000004b9e9fe790:   0000004b9c248000 000000000000000e
0x0000004b9e9fe7a0:   0000020720675790 0000000000000000
0x0000004b9e9fe7b0:   0000020721139040 0000000000000000
0x0000004b9e9fe7c0:   00007ff8a1489318 00007ff8a0f6797c
0x0000004b9e9fe7d0:   00002d805b263b2b 0000004b9e9fe8c8
0x0000004b9e9fe7e0:   0000020720675700 0000000000000001
0x0000004b9e9fe7f0:   0000000000000001 0000000000000001
0x0000004b9e9fe800:   0000000000000000 00000207202af208
0x0000004b9e9fe810:   0000000000010000 00007ff8e83dfcb4
0x0000004b9e9fe820:   000000009e9fe1e0 0000020720675790
0x0000004b9e9fe830:   00000000fffffffa 0000000000000000 

Instructions: (pc=0x00007ff8e8413416)
0x00007ff8e8413316:   20 e9 ed fe ff ff 48 89 41 18 e9 e4 fe ff ff cc
0x00007ff8e8413326:   cc cc cc cc cc cc cc cc cc cc 80 3d d1 71 10 00
0x00007ff8e8413336:   00 0f 95 c0 c3 cc cc cc cc cc cc cc cc cc cc cc
0x00007ff8e8413346:   cc cc cc cc cc cc cc cc cc cc 48 83 ec 38 8b 05
0x00007ff8e8413356:   d2 57 10 00 89 44 24 20 e8 41 02 00 00 48 83 c4
0x00007ff8e8413366:   38 c3 cc cc cc cc cc cc cc cc 48 89 5c 24 18 55
0x00007ff8e8413376:   56 57 41 54 41 55 41 56 41 57 48 81 ec a0 00 00
0x00007ff8e8413386:   00 48 8b 05 82 f1 11 00 48 33 c4 48 89 84 24 90
0x00007ff8e8413396:   00 00 00 65 4c 8b 2c 25 30 00 00 00 48 8d 05 4f
0x00007ff8e84133a6:   11 10 00 40 32 ed 89 54 24 48 33 f6 40 88 6c 24
0x00007ff8e84133b6:   40 4c 89 6c 24 50 48 8b d9 44 8b e6 48 3b c8 0f
0x00007ff8e84133c6:   84 39 01 00 00 40 38 35 36 71 10 00 0f 85 a8 01
0x00007ff8e84133d6:   00 00 39 35 4a 71 10 00 0f 85 6a 01 00 00 40 38
0x00007ff8e84133e6:   35 0d 6c 10 00 48 8d 3d 0e 6c 10 00 48 0f 45 fe
0x00007ff8e84133f6:   48 39 73 18 0f 84 d2 00 00 00 48 8b 03 48 83 f8
0x00007ff8e8413406:   ff 0f 84 d2 00 00 00 44 8b fe 48 83 f8 ff 74 03
0x00007ff8e8413416:   ff 40 24 4c 8b 73 18 4c 8d 2d d4 10 10 00 bd 22
0x00007ff8e8413426:   17 00 00 e8 22 14 fc ff 85 c0 0f 85 be b2 05 00
0x00007ff8e8413436:   b9 82 03 fe 7f 80 39 00 0f 85 cc b2 05 00 49 83
0x00007ff8e8413446:   fe ff 0f 85 5a b3 05 00 4c 8b cf c7 44 24 20 00
0x00007ff8e8413456:   00 00 00 41 b8 04 00 00 00 48 8d 54 24 48 48 8d
0x00007ff8e8413466:   4b 08 e8 37 01 00 00 3d 02 01 00 00 0f 84 43 b3
0x00007ff8e8413476:   05 00 8b 4b 08 89 4c 24 48 f6 c1 02 75 ca 3d 02
0x00007ff8e8413486:   01 00 00 0f 84 2c b3 05 00 0f b6 6c 24 40 4c 8b
0x00007ff8e8413496:   6c 24 50 85 c0 0f 88 78 b4 05 00 40 84 ed 75 73
0x00007ff8e84134a6:   48 8b 8c 24 90 00 00 00 48 33 cc e8 7a 8d 02 00
0x00007ff8e84134b6:   48 8b 9c 24 f0 00 00 00 48 81 c4 a0 00 00 00 41
0x00007ff8e84134c6:   5f 41 5e 41 5d 41 5c 5f 5e 5d c3 cc 48 8b cb e8
0x00007ff8e84134d6:   56 05 00 00 e9 21 ff ff ff 8b 4b 20 48 c7 c0 ff
0x00007ff8e84134e6:   ff ff ff 48 0f ba e1 18 0f 82 19 ff ff ff 48 8b
0x00007ff8e84134f6:   cb e8 44 e3 fa ff 48 8b 03 e9 09 ff ff ff c6 44
0x00007ff8e8413506:   24 40 01 41 c7 85 60 17 00 00 01 00 00 00 e9 b2 


Stack slot to memory mapping:
stack at sp + 0 slots: 0xffffffffffffffff is an unknown value
stack at sp + 1 slots: 0x00000207202af208 points into unknown readable memory: 0x0000000000000000 | 00 00 00 00 00 00 00 00
stack at sp + 2 slots: 0x0000004b9e9fea40 is pointing into the stack for thread: 0x0000020720675790
stack at sp + 3 slots: 0x00000000000001d1 is an unknown value
stack at sp + 4 slots: 0x0000004b9e9fe848 is pointing into the stack for thread: 0x0000020720675790
stack at sp + 5 slots: 0x0000004b9e9fe718 is pointing into the stack for thread: 0x0000020720675790
stack at sp + 6 slots: 0x0000004b9e9fe759 is pointing into the stack for thread: 0x0000020720675790
stack at sp + 7 slots: 0x0000000800000005 is pointing into metadata


---------------  P R O C E S S  ---------------

Threads class SMR info:
_java_thread_list=0x0000020720601f30, length=20, elements={
0x000002071efe6010, 0x000002071efe6de0, 0x000002071f934730, 0x000002071f936050,
0x000002071f936960, 0x000002071f93a770, 0x000002071f9433c0, 0x000002071f944120,
0x000002071f958e60, 0x000002071f9fc650, 0x000002071fb5e8d0, 0x000002071fbdcac0,
0x000002071fbe1de0, 0x00000207200c5cd0, 0x00000207201634a0, 0x000002072025e070,
0x00000207205b4dd0, 0x0000020720675790, 0x0000020720675240, 0x0000020720676230
}

Java Threads: ( => current thread )
  0x000002071efe6010 JavaThread "Reference Handler" daemon [_thread_blocked, id=15604, stack(0x0000004b9ce00000,0x0000004b9cf00000)]
  0x000002071efe6de0 JavaThread "Finalizer" daemon [_thread_blocked, id=724, stack(0x0000004b9cf00000,0x0000004b9d000000)]
  0x000002071f934730 JavaThread "Signal Dispatcher" daemon [_thread_blocked, id=13352, stack(0x0000004b9d000000,0x0000004b9d100000)]
  0x000002071f936050 JavaThread "Attach Listener" daemon [_thread_blocked, id=6536, stack(0x0000004b9d100000,0x0000004b9d200000)]
  0x000002071f936960 JavaThread "Service Thread" daemon [_thread_blocked, id=2360, stack(0x0000004b9d200000,0x0000004b9d300000)]
  0x000002071f93a770 JavaThread "Monitor Deflation Thread" daemon [_thread_blocked, id=6212, stack(0x0000004b9d300000,0x0000004b9d400000)]
  0x000002071f9433c0 JavaThread "C2 CompilerThread0" daemon [_thread_blocked, id=5524, stack(0x0000004b9d400000,0x0000004b9d500000)]
  0x000002071f944120 JavaThread "C1 CompilerThread0" daemon [_thread_blocked, id=15024, stack(0x0000004b9d500000,0x0000004b9d600000)]
  0x000002071f958e60 JavaThread "Sweeper thread" daemon [_thread_blocked, id=7264, stack(0x0000004b9d600000,0x0000004b9d700000)]
  0x000002071f9fc650 JavaThread "Common-Cleaner" daemon [_thread_blocked, id=5128, stack(0x0000004b9d700000,0x0000004b9d800000)]
  0x000002071fb5e8d0 JavaThread "JDWP Transport Listener: dt_socket" daemon [_thread_blocked, id=11484, stack(0x0000004b9d800000,0x0000004b9d900000)]
  0x000002071fbdcac0 JavaThread "JDWP Event Helper Thread" daemon [_thread_blocked, id=11656, stack(0x0000004b9d900000,0x0000004b9da00000)]
  0x000002071fbe1de0 JavaThread "JDWP Command Reader" daemon [_thread_in_native, id=8120, stack(0x0000004b9da00000,0x0000004b9db00000)]
  0x00000207200c5cd0 JavaThread "Notification Thread" daemon [_thread_blocked, id=11808, stack(0x0000004b9db00000,0x0000004b9dc00000)]
  0x00000207201634a0 JavaThread "Java2D Disposer" daemon [_thread_blocked, id=5760, stack(0x0000004b9dd00000,0x0000004b9de00000)]
  0x000002072025e070 JavaThread "AWT-Shutdown" [_thread_blocked, id=13744, stack(0x0000004b9de00000,0x0000004b9df00000)]
  0x00000207205b4dd0 JavaThread "AWT-EventQueue-0" [_thread_blocked, id=12164, stack(0x0000004b9e700000,0x0000004b9e800000)]
=>0x0000020720675790 JavaThread "Thread-0" [_thread_in_native, id=13180, stack(0x0000004b9e900000,0x0000004b9ea00000)]
  0x0000020720675240 JavaThread "DestroyJavaVM" [_thread_blocked, id=8732, stack(0x0000004b9c600000,0x0000004b9c700000)]
  0x0000020720676230 JavaThread "ToolkitShutdown" daemon [_thread_in_native, id=15028, stack(0x0000004b9ee00000,0x0000004b9ef00000)]

Other Threads:
  0x000002071efc6c60 VMThread "VM Thread" [stack: 0x0000004b9cd00000,0x0000004b9ce00000] [id=15696]
  0x0000020702f1ea90 WatcherThread [stack: 0x0000004b9dc00000,0x0000004b9dd00000] [id=10076]
  0x0000020702f61d70 GCTaskThread "GC Thread#0" [stack: 0x0000004b9c800000,0x0000004b9c900000] [id=10828]
  0x0000020702f6d090 ConcurrentGCThread "G1 Main Marker" [stack: 0x0000004b9c900000,0x0000004b9ca00000] [id=8512]
  0x0000020702f6da10 ConcurrentGCThread "G1 Conc#0" [stack: 0x0000004b9ca00000,0x0000004b9cb00000] [id=7420]
  0x000002071ee20090 ConcurrentGCThread "G1 Refine#0" [stack: 0x0000004b9cb00000,0x0000004b9cc00000] [id=3852]
  0x000002071ee20a20 ConcurrentGCThread "G1 Service" [stack: 0x0000004b9cc00000,0x0000004b9cd00000] [id=11024]

Threads with active compile tasks:

VM state: not at safepoint (normal execution)

VM Mutex/Monitor currently owned by a thread: None

Heap address: 0x0000000740400000, size: 3068 MB, Compressed Oops mode: Zero based, Oop shift amount: 3

CDS disabled.
Compressed class space mapped at: 0x0000000800000000-0x0000000840000000, reserved size: 1073741824
Narrow klass base: 0x0000000800000000, Narrow klass shift: 0, Narrow klass range: 0x40000000

GC Precious Log:
 CPUs: 6 total, 6 available
 Memory: 12269M
 Large Page Support: Disabled
 NUMA Support: Disabled
 Compressed Oops: Enabled (Zero based)
 Heap Region Size: 2M
 Heap Min Capacity: 8M
 Heap Initial Capacity: 192M
 Heap Max Capacity: 3068M
 Pre-touch: Disabled
 Parallel Workers: 6
 Concurrent Workers: 2
 Concurrent Refinement Workers: 6
 Periodic GC: Disabled

Heap:
 garbage-first heap   total 196608K, used 18432K [0x0000000740400000, 0x0000000800000000)
  region size 2048K, 10 young (20480K), 0 survivors (0K)
 Metaspace       used 17113K, committed 17280K, reserved 1064960K
  class space    used 1624K, committed 1664K, reserved 1048576K

Heap Regions: E=young(eden), S=young(survivor), O=old, HS=humongous(starts), HC=humongous(continues), CS=collection set, F=free, OA=open archive, CA=closed archive, TAMS=top-at-mark-start (previous, next)
|   0|0x0000000740400000, 0x0000000740400000, 0x0000000740600000|  0%| F|  |TAMS 0x0000000740400000, 0x0000000740400000| Untracked 
|   1|0x0000000740600000, 0x0000000740600000, 0x0000000740800000|  0%| F|  |TAMS 0x0000000740600000, 0x0000000740600000| Untracked 
|   2|0x0000000740800000, 0x0000000740800000, 0x0000000740a00000|  0%| F|  |TAMS 0x0000000740800000, 0x0000000740800000| Untracked 
|   3|0x0000000740a00000, 0x0000000740a00000, 0x0000000740c00000|  0%| F|  |TAMS 0x0000000740a00000, 0x0000000740a00000| Untracked 
|   4|0x0000000740c00000, 0x0000000740c00000, 0x0000000740e00000|  0%| F|  |TAMS 0x0000000740c00000, 0x0000000740c00000| Untracked 
|   5|0x0000000740e00000, 0x0000000740e00000, 0x0000000741000000|  0%| F|  |TAMS 0x0000000740e00000, 0x0000000740e00000| Untracked 
|   6|0x0000000741000000, 0x0000000741000000, 0x0000000741200000|  0%| F|  |TAMS 0x0000000741000000, 0x0000000741000000| Untracked 
|   7|0x0000000741200000, 0x0000000741200000, 0x0000000741400000|  0%| F|  |TAMS 0x0000000741200000, 0x0000000741200000| Untracked 
|   8|0x0000000741400000, 0x0000000741400000, 0x0000000741600000|  0%| F|  |TAMS 0x0000000741400000, 0x0000000741400000| Untracked 
|   9|0x0000000741600000, 0x0000000741600000, 0x0000000741800000|  0%| F|  |TAMS 0x0000000741600000, 0x0000000741600000| Untracked 
|  10|0x0000000741800000, 0x0000000741800000, 0x0000000741a00000|  0%| F|  |TAMS 0x0000000741800000, 0x0000000741800000| Untracked 
|  11|0x0000000741a00000, 0x0000000741a00000, 0x0000000741c00000|  0%| F|  |TAMS 0x0000000741a00000, 0x0000000741a00000| Untracked 
|  12|0x0000000741c00000, 0x0000000741c00000, 0x0000000741e00000|  0%| F|  |TAMS 0x0000000741c00000, 0x0000000741c00000| Untracked 
|  13|0x0000000741e00000, 0x0000000741e00000, 0x0000000742000000|  0%| F|  |TAMS 0x0000000741e00000, 0x0000000741e00000| Untracked 
|  14|0x0000000742000000, 0x0000000742000000, 0x0000000742200000|  0%| F|  |TAMS 0x0000000742000000, 0x0000000742000000| Untracked 
|  15|0x0000000742200000, 0x0000000742200000, 0x0000000742400000|  0%| F|  |TAMS 0x0000000742200000, 0x0000000742200000| Untracked 
|  16|0x0000000742400000, 0x0000000742400000, 0x0000000742600000|  0%| F|  |TAMS 0x0000000742400000, 0x0000000742400000| Untracked 
|  17|0x0000000742600000, 0x0000000742600000, 0x0000000742800000|  0%| F|  |TAMS 0x0000000742600000, 0x0000000742600000| Untracked 
|  18|0x0000000742800000, 0x0000000742800000, 0x0000000742a00000|  0%| F|  |TAMS 0x0000000742800000, 0x0000000742800000| Untracked 
|  19|0x0000000742a00000, 0x0000000742a00000, 0x0000000742c00000|  0%| F|  |TAMS 0x0000000742a00000, 0x0000000742a00000| Untracked 
|  20|0x0000000742c00000, 0x0000000742c00000, 0x0000000742e00000|  0%| F|  |TAMS 0x0000000742c00000, 0x0000000742c00000| Untracked 
|  21|0x0000000742e00000, 0x0000000742e00000, 0x0000000743000000|  0%| F|  |TAMS 0x0000000742e00000, 0x0000000742e00000| Untracked 
|  22|0x0000000743000000, 0x0000000743000000, 0x0000000743200000|  0%| F|  |TAMS 0x0000000743000000, 0x0000000743000000| Untracked 
|  23|0x0000000743200000, 0x0000000743200000, 0x0000000743400000|  0%| F|  |TAMS 0x0000000743200000, 0x0000000743200000| Untracked 
|  24|0x0000000743400000, 0x0000000743400000, 0x0000000743600000|  0%| F|  |TAMS 0x0000000743400000, 0x0000000743400000| Untracked 
|  25|0x0000000743600000, 0x0000000743600000, 0x0000000743800000|  0%| F|  |TAMS 0x0000000743600000, 0x0000000743600000| Untracked 
|  26|0x0000000743800000, 0x0000000743800000, 0x0000000743a00000|  0%| F|  |TAMS 0x0000000743800000, 0x0000000743800000| Untracked 
|  27|0x0000000743a00000, 0x0000000743a00000, 0x0000000743c00000|  0%| F|  |TAMS 0x0000000743a00000, 0x0000000743a00000| Untracked 
|  28|0x0000000743c00000, 0x0000000743c00000, 0x0000000743e00000|  0%| F|  |TAMS 0x0000000743c00000, 0x0000000743c00000| Untracked 
|  29|0x0000000743e00000, 0x0000000743e00000, 0x0000000744000000|  0%| F|  |TAMS 0x0000000743e00000, 0x0000000743e00000| Untracked 
|  30|0x0000000744000000, 0x0000000744000000, 0x0000000744200000|  0%| F|  |TAMS 0x0000000744000000, 0x0000000744000000| Untracked 
|  31|0x0000000744200000, 0x0000000744200000, 0x0000000744400000|  0%| F|  |TAMS 0x0000000744200000, 0x0000000744200000| Untracked 
|  32|0x0000000744400000, 0x0000000744400000, 0x0000000744600000|  0%| F|  |TAMS 0x0000000744400000, 0x0000000744400000| Untracked 
|  33|0x0000000744600000, 0x0000000744600000, 0x0000000744800000|  0%| F|  |TAMS 0x0000000744600000, 0x0000000744600000| Untracked 
|  34|0x0000000744800000, 0x0000000744800000, 0x0000000744a00000|  0%| F|  |TAMS 0x0000000744800000, 0x0000000744800000| Untracked 
|  35|0x0000000744a00000, 0x0000000744a00000, 0x0000000744c00000|  0%| F|  |TAMS 0x0000000744a00000, 0x0000000744a00000| Untracked 
|  36|0x0000000744c00000, 0x0000000744c00000, 0x0000000744e00000|  0%| F|  |TAMS 0x0000000744c00000, 0x0000000744c00000| Untracked 
|  37|0x0000000744e00000, 0x0000000744e00000, 0x0000000745000000|  0%| F|  |TAMS 0x0000000744e00000, 0x0000000744e00000| Untracked 
|  38|0x0000000745000000, 0x0000000745000000, 0x0000000745200000|  0%| F|  |TAMS 0x0000000745000000, 0x0000000745000000| Untracked 
|  39|0x0000000745200000, 0x0000000745200000, 0x0000000745400000|  0%| F|  |TAMS 0x0000000745200000, 0x0000000745200000| Untracked 
|  40|0x0000000745400000, 0x0000000745400000, 0x0000000745600000|  0%| F|  |TAMS 0x0000000745400000, 0x0000000745400000| Untracked 
|  41|0x0000000745600000, 0x0000000745600000, 0x0000000745800000|  0%| F|  |TAMS 0x0000000745600000, 0x0000000745600000| Untracked 
|  42|0x0000000745800000, 0x0000000745800000, 0x0000000745a00000|  0%| F|  |TAMS 0x0000000745800000, 0x0000000745800000| Untracked 
|  43|0x0000000745a00000, 0x0000000745a00000, 0x0000000745c00000|  0%| F|  |TAMS 0x0000000745a00000, 0x0000000745a00000| Untracked 
|  44|0x0000000745c00000, 0x0000000745c00000, 0x0000000745e00000|  0%| F|  |TAMS 0x0000000745c00000, 0x0000000745c00000| Untracked 
|  45|0x0000000745e00000, 0x0000000745e00000, 0x0000000746000000|  0%| F|  |TAMS 0x0000000745e00000, 0x0000000745e00000| Untracked 
|  46|0x0000000746000000, 0x0000000746000000, 0x0000000746200000|  0%| F|  |TAMS 0x0000000746000000, 0x0000000746000000| Untracked 
|  47|0x0000000746200000, 0x0000000746200000, 0x0000000746400000|  0%| F|  |TAMS 0x0000000746200000, 0x0000000746200000| Untracked 
|  48|0x0000000746400000, 0x0000000746400000, 0x0000000746600000|  0%| F|  |TAMS 0x0000000746400000, 0x0000000746400000| Untracked 
|  49|0x0000000746600000, 0x0000000746600000, 0x0000000746800000|  0%| F|  |TAMS 0x0000000746600000, 0x0000000746600000| Untracked 
|  50|0x0000000746800000, 0x0000000746800000, 0x0000000746a00000|  0%| F|  |TAMS 0x0000000746800000, 0x0000000746800000| Untracked 
|  51|0x0000000746a00000, 0x0000000746a00000, 0x0000000746c00000|  0%| F|  |TAMS 0x0000000746a00000, 0x0000000746a00000| Untracked 
|  52|0x0000000746c00000, 0x0000000746c00000, 0x0000000746e00000|  0%| F|  |TAMS 0x0000000746c00000, 0x0000000746c00000| Untracked 
|  53|0x0000000746e00000, 0x0000000746e00000, 0x0000000747000000|  0%| F|  |TAMS 0x0000000746e00000, 0x0000000746e00000| Untracked 
|  54|0x0000000747000000, 0x0000000747000000, 0x0000000747200000|  0%| F|  |TAMS 0x0000000747000000, 0x0000000747000000| Untracked 
|  55|0x0000000747200000, 0x0000000747200000, 0x0000000747400000|  0%| F|  |TAMS 0x0000000747200000, 0x0000000747200000| Untracked 
|  56|0x0000000747400000, 0x0000000747400000, 0x0000000747600000|  0%| F|  |TAMS 0x0000000747400000, 0x0000000747400000| Untracked 
|  57|0x0000000747600000, 0x0000000747600000, 0x0000000747800000|  0%| F|  |TAMS 0x0000000747600000, 0x0000000747600000| Untracked 
|  58|0x0000000747800000, 0x0000000747800000, 0x0000000747a00000|  0%| F|  |TAMS 0x0000000747800000, 0x0000000747800000| Untracked 
|  59|0x0000000747a00000, 0x0000000747a00000, 0x0000000747c00000|  0%| F|  |TAMS 0x0000000747a00000, 0x0000000747a00000| Untracked 
|  60|0x0000000747c00000, 0x0000000747c00000, 0x0000000747e00000|  0%| F|  |TAMS 0x0000000747c00000, 0x0000000747c00000| Untracked 
|  61|0x0000000747e00000, 0x0000000747e00000, 0x0000000748000000|  0%| F|  |TAMS 0x0000000747e00000, 0x0000000747e00000| Untracked 
|  62|0x0000000748000000, 0x0000000748000000, 0x0000000748200000|  0%| F|  |TAMS 0x0000000748000000, 0x0000000748000000| Untracked 
|  63|0x0000000748200000, 0x0000000748200000, 0x0000000748400000|  0%| F|  |TAMS 0x0000000748200000, 0x0000000748200000| Untracked 
|  64|0x0000000748400000, 0x0000000748400000, 0x0000000748600000|  0%| F|  |TAMS 0x0000000748400000, 0x0000000748400000| Untracked 
|  65|0x0000000748600000, 0x0000000748600000, 0x0000000748800000|  0%| F|  |TAMS 0x0000000748600000, 0x0000000748600000| Untracked 
|  66|0x0000000748800000, 0x0000000748800000, 0x0000000748a00000|  0%| F|  |TAMS 0x0000000748800000, 0x0000000748800000| Untracked 
|  67|0x0000000748a00000, 0x0000000748a00000, 0x0000000748c00000|  0%| F|  |TAMS 0x0000000748a00000, 0x0000000748a00000| Untracked 
|  68|0x0000000748c00000, 0x0000000748c00000, 0x0000000748e00000|  0%| F|  |TAMS 0x0000000748c00000, 0x0000000748c00000| Untracked 
|  69|0x0000000748e00000, 0x0000000748e00000, 0x0000000749000000|  0%| F|  |TAMS 0x0000000748e00000, 0x0000000748e00000| Untracked 
|  70|0x0000000749000000, 0x0000000749000000, 0x0000000749200000|  0%| F|  |TAMS 0x0000000749000000, 0x0000000749000000| Untracked 
|  71|0x0000000749200000, 0x0000000749200000, 0x0000000749400000|  0%| F|  |TAMS 0x0000000749200000, 0x0000000749200000| Untracked 
|  72|0x0000000749400000, 0x0000000749400000, 0x0000000749600000|  0%| F|  |TAMS 0x0000000749400000, 0x0000000749400000| Untracked 
|  73|0x0000000749600000, 0x0000000749600000, 0x0000000749800000|  0%| F|  |TAMS 0x0000000749600000, 0x0000000749600000| Untracked 
|  74|0x0000000749800000, 0x0000000749800000, 0x0000000749a00000|  0%| F|  |TAMS 0x0000000749800000, 0x0000000749800000| Untracked 
|  75|0x0000000749a00000, 0x0000000749a00000, 0x0000000749c00000|  0%| F|  |TAMS 0x0000000749a00000, 0x0000000749a00000| Untracked 
|  76|0x0000000749c00000, 0x0000000749c00000, 0x0000000749e00000|  0%| F|  |TAMS 0x0000000749c00000, 0x0000000749c00000| Untracked 
|  77|0x0000000749e00000, 0x0000000749e00000, 0x000000074a000000|  0%| F|  |TAMS 0x0000000749e00000, 0x0000000749e00000| Untracked 
|  78|0x000000074a000000, 0x000000074a000000, 0x000000074a200000|  0%| F|  |TAMS 0x000000074a000000, 0x000000074a000000| Untracked 
|  79|0x000000074a200000, 0x000000074a200000, 0x000000074a400000|  0%| F|  |TAMS 0x000000074a200000, 0x000000074a200000| Untracked 
|  80|0x000000074a400000, 0x000000074a400000, 0x000000074a600000|  0%| F|  |TAMS 0x000000074a400000, 0x000000074a400000| Untracked 
|  81|0x000000074a600000, 0x000000074a600000, 0x000000074a800000|  0%| F|  |TAMS 0x000000074a600000, 0x000000074a600000| Untracked 
|  82|0x000000074a800000, 0x000000074a800000, 0x000000074aa00000|  0%| F|  |TAMS 0x000000074a800000, 0x000000074a800000| Untracked 
|  83|0x000000074aa00000, 0x000000074aa00000, 0x000000074ac00000|  0%| F|  |TAMS 0x000000074aa00000, 0x000000074aa00000| Untracked 
|  84|0x000000074ac00000, 0x000000074ac00000, 0x000000074ae00000|  0%| F|  |TAMS 0x000000074ac00000, 0x000000074ac00000| Untracked 
|  85|0x000000074ae00000, 0x000000074ae00000, 0x000000074b000000|  0%| F|  |TAMS 0x000000074ae00000, 0x000000074ae00000| Untracked 
|  86|0x000000074b000000, 0x000000074b200000, 0x000000074b200000|100%| E|  |TAMS 0x000000074b000000, 0x000000074b000000| Complete 
|  87|0x000000074b200000, 0x000000074b400000, 0x000000074b400000|100%| E|CS|TAMS 0x000000074b200000, 0x000000074b200000| Complete 
|  88|0x000000074b400000, 0x000000074b600000, 0x000000074b600000|100%| E|CS|TAMS 0x000000074b400000, 0x000000074b400000| Complete 
|  89|0x000000074b600000, 0x000000074b800000, 0x000000074b800000|100%| E|CS|TAMS 0x000000074b600000, 0x000000074b600000| Complete 
|  90|0x000000074b800000, 0x000000074ba00000, 0x000000074ba00000|100%| E|CS|TAMS 0x000000074b800000, 0x000000074b800000| Complete 
|  91|0x000000074ba00000, 0x000000074bc00000, 0x000000074bc00000|100%| E|CS|TAMS 0x000000074ba00000, 0x000000074ba00000| Complete 
|  92|0x000000074bc00000, 0x000000074be00000, 0x000000074be00000|100%| E|CS|TAMS 0x000000074bc00000, 0x000000074bc00000| Complete 
|  93|0x000000074be00000, 0x000000074c000000, 0x000000074c000000|100%| E|CS|TAMS 0x000000074be00000, 0x000000074be00000| Complete 
|  94|0x000000074c000000, 0x000000074c200000, 0x000000074c200000|100%| E|CS|TAMS 0x000000074c000000, 0x000000074c000000| Complete 
|  95|0x000000074c200000, 0x000000074c400000, 0x000000074c400000|100%| E|CS|TAMS 0x000000074c200000, 0x000000074c200000| Complete 

Card table byte_map: [0x0000020715bc0000,0x00000207161c0000] _byte_map_base: 0x00000207121be000

Marking Bits (Prev, Next): (CMBitMap*) 0x0000020702f63700, (CMBitMap*) 0x0000020702f63740
 Prev Bits: [0x00000207167c0000, 0x00000207197b0000)
 Next Bits: [0x00000207197b0000, 0x000002071c7a0000)

Polling page: 0x0000020702700000

Metaspace:

Usage:
  Non-class:     15.13 MB used.
      Class:      1.59 MB used.
       Both:     16.71 MB used.

Virtual space:
  Non-class space:       16.00 MB reserved,      15.25 MB ( 95%) committed,  2 nodes.
      Class space:        1.00 GB reserved,       1.62 MB ( <1%) committed,  1 nodes.
              Both:        1.02 GB reserved,      16.88 MB (  2%) committed. 

Chunk freelists:
   Non-Class:  496.00 KB
       Class:  2.25 MB
        Both:  2.73 MB

MaxMetaspaceSize: 17179869184.00 GB
CompressedClassSpaceSize: 1.00 GB
 - commit_granule_bytes: 65536.
 - commit_granule_words: 8192.
 - virtual_space_node_default_size: 1048576.
 - enlarge_chunks_in_place: 1.
 - new_chunks_are_fully_committed: 0.
 - uncommit_free_chunks: 1.
 - use_allocation_guard: 0.
 - handle_deallocations: 1.


Internal statistics:

num_allocs_failed_limit: 0.
num_arena_births: 118.
num_arena_deaths: 0.
num_vsnodes_births: 3.
num_vsnodes_deaths: 0.
num_space_committed: 270.
num_space_uncommitted: 0.
num_chunks_returned_to_freelist: 0.
num_chunks_taken_from_freelist: 205.
num_chunk_merges: 0.
num_chunk_splits: 108.
num_chunks_enlarged: 59.
num_purges: 0.

CodeHeap 'non-profiled nmethods': size=120000Kb used=587Kb max_used=587Kb free=119412Kb
 bounds [0x000002070df70000, 0x000002070e1e0000, 0x00000207154a0000]
CodeHeap 'profiled nmethods': size=120000Kb used=2541Kb max_used=2541Kb free=117458Kb
 bounds [0x0000020706a40000, 0x0000020706cc0000, 0x000002070df70000]
CodeHeap 'non-nmethods': size=5760Kb used=1336Kb max_used=1375Kb free=4423Kb
 bounds [0x00000207064a0000, 0x0000020706710000, 0x0000020706a40000]
 total_blobs=2009 nmethods=1430 adapters=493
 compilation: enabled
              stopped_count=0, restarted_count=0
 full_count=0

Compilation events (20 events):
Event: 31.259 Thread 0x000002071f944120 1421       3       java.util.LinkedList$ListItr::<init> (47 bytes)
Event: 31.259 Thread 0x000002071f944120 nmethod 1421 0x0000020706caf610 code [0x0000020706caf7c0, 0x0000020706cafaa8]
Event: 31.430 Thread 0x000002071f944120 1422       3       java.awt.DefaultKeyboardFocusManager::processKeyEvent (316 bytes)
Event: 31.432 Thread 0x000002071f944120 nmethod 1422 0x0000020706cafc10 code [0x0000020706cb00a0, 0x0000020706cb3278]
Event: 31.432 Thread 0x000002071f944120 1423       3       java.awt.DefaultKeyboardFocusManager::consumeProcessedKeyEvent (30 bytes)
Event: 31.432 Thread 0x000002071f944120 nmethod 1423 0x0000020706cb3d90 code [0x0000020706cb3f40, 0x0000020706cb4278]
Event: 31.432 Thread 0x000002071f944120 1425       3       java.awt.Window::preProcessKeyEvent (62 bytes)
Event: 31.433 Thread 0x000002071f944120 nmethod 1425 0x0000020706cb4390 code [0x0000020706cb45c0, 0x0000020706cb4fb8]
Event: 31.433 Thread 0x000002071f944120 1426       3       sun.awt.DebugSettings::getInstance (4 bytes)
Event: 31.433 Thread 0x000002071f944120 nmethod 1426 0x0000020706cb5290 code [0x0000020706cb5420, 0x0000020706cb5518]
Event: 31.433 Thread 0x000002071f944120 1427  s    3       sun.awt.DebugSettings::getBoolean (17 bytes)
Event: 31.433 Thread 0x000002071f944120 nmethod 1427 0x0000020706cb5590 code [0x0000020706cb5760, 0x0000020706cb5a78]
Event: 31.433 Thread 0x000002071f944120 1424       3       java.awt.AWTKeyStroke::getAWTKeyStrokeForEvent (74 bytes)
Event: 31.433 Thread 0x000002071f944120 nmethod 1424 0x0000020706cb5c10 code [0x0000020706cb5e00, 0x0000020706cb6378]
Event: 31.462 Thread 0x000002071f944120 1428       3       javax.swing.KeyboardManager::fireKeyboardAction (461 bytes)
Event: 31.465 Thread 0x000002071f944120 nmethod 1428 0x0000020706cb6510 code [0x0000020706cb6a40, 0x0000020706cba1a8]
Event: 36.812 Thread 0x000002071f9433c0 1429       4       java.awt.Component::getCursor_NoClientCode (30 bytes)
Event: 36.813 Thread 0x000002071f9433c0 nmethod 1429 0x000002070e002c10 code [0x000002070e002da0, 0x000002070e002ea8]
Event: 37.740 Thread 0x000002071f944120 1430       3       java.util.concurrent.ConcurrentHashMap::sumCount (60 bytes)
Event: 37.740 Thread 0x000002071f944120 nmethod 1430 0x0000020706cbb010 code [0x0000020706cbb1c0, 0x0000020706cbb438]

GC Heap History (0 events):
No events

Deoptimization events (20 events):
Event: 9.884 Thread 0x00000207205b4dd0 Uncommon trap: trap_request=0xffffffc6 fr.pc=0x000002070dfe5dd0 relative=0x0000000000000390
Event: 9.884 Thread 0x00000207205b4dd0 Uncommon trap: reason=bimorphic_or_optimized_type_check action=maybe_recompile pc=0x000002070dfe5dd0 method=java.util.HashMap.getNode(Ljava/lang/Object;)Ljava/util/HashMap$Node; @ 128 c2
Event: 9.884 Thread 0x00000207205b4dd0 DEOPT PACKING pc=0x000002070dfe5dd0 sp=0x0000004b9e7fdea0
Event: 9.884 Thread 0x00000207205b4dd0 DEOPT UNPACKING pc=0x00000207064ed72e sp=0x0000004b9e7fddd8 mode 2
Event: 9.884 Thread 0x00000207205b4dd0 Uncommon trap: trap_request=0xffffffc6 fr.pc=0x000002070dfe5dd0 relative=0x0000000000000390
Event: 9.884 Thread 0x00000207205b4dd0 Uncommon trap: reason=bimorphic_or_optimized_type_check action=maybe_recompile pc=0x000002070dfe5dd0 method=java.util.HashMap.getNode(Ljava/lang/Object;)Ljava/util/HashMap$Node; @ 128 c2
Event: 9.884 Thread 0x00000207205b4dd0 DEOPT PACKING pc=0x000002070dfe5dd0 sp=0x0000004b9e7fdf60
Event: 9.884 Thread 0x00000207205b4dd0 DEOPT UNPACKING pc=0x00000207064ed72e sp=0x0000004b9e7fde98 mode 2
Event: 9.885 Thread 0x00000207205b4dd0 Uncommon trap: trap_request=0xffffffc6 fr.pc=0x000002070dfbfc80 relative=0x00000000000003c0
Event: 9.885 Thread 0x00000207205b4dd0 Uncommon trap: reason=bimorphic_or_optimized_type_check action=maybe_recompile pc=0x000002070dfbfc80 method=java.util.HashMap.getNode(Ljava/lang/Object;)Ljava/util/HashMap$Node; @ 128 c2
Event: 9.885 Thread 0x00000207205b4dd0 DEOPT PACKING pc=0x000002070dfbfc80 sp=0x0000004b9e7fddd0
Event: 9.885 Thread 0x00000207205b4dd0 DEOPT UNPACKING pc=0x00000207064ed72e sp=0x0000004b9e7fdd78 mode 2
Event: 12.299 Thread 0x0000020720675790 Uncommon trap: trap_request=0xffffff45 fr.pc=0x000002070dff8008 relative=0x00000000000000e8
Event: 12.299 Thread 0x0000020720675790 Uncommon trap: reason=unstable_if action=reinterpret pc=0x000002070dff8008 method=java.awt.Rectangle.intersects(Ljava/awt/Rectangle;)Z @ 139 c2
Event: 12.299 Thread 0x0000020720675790 DEOPT PACKING pc=0x000002070dff8008 sp=0x0000004b9e9fed10
Event: 12.299 Thread 0x0000020720675790 DEOPT UNPACKING pc=0x00000207064ed72e sp=0x0000004b9e9fec88 mode 2
Event: 15.418 Thread 0x0000020720675790 DEOPT PACKING pc=0x0000020706c55cb5 sp=0x0000004b9e9fedc0
Event: 15.418 Thread 0x0000020720675790 DEOPT UNPACKING pc=0x00000207064edece sp=0x0000004b9e9fe250 mode 0
Event: 20.408 Thread 0x0000020720675790 DEOPT PACKING pc=0x0000020706c85f21 sp=0x0000004b9e9fed70
Event: 20.408 Thread 0x0000020720675790 DEOPT UNPACKING pc=0x00000207064edece sp=0x0000004b9e9fe258 mode 0

Classes unloaded (0 events):
No events

Classes redefined (0 events):
No events

Internal exceptions (15 events):
Event: 0.497 Thread 0x0000020702f1dde0 Exception <a 'java/lang/NoSuchMethodError'{0x000000074be18840}: 'java.lang.Object java.lang.invoke.DirectMethodHandle$Holder.invokeStatic(java.lang.Object)'> (0x000000074be18840) 
thrown [t:\workspace\open\src\hotspot\share\interpreter\linkResolver.cpp, line 790]
Event: 0.556 Thread 0x0000020702f1dde0 Exception <a 'java/lang/NoSuchMethodError'{0x000000074bf34848}: 'void java.lang.invoke.DirectMethodHandle$Holder.invokeSpecial(java.lang.Object, java.lang.Object, java.lang.Object)'> (0x000000074bf34848) 
thrown [t:\workspace\open\src\hotspot\share\interpreter\linkResolver.cpp, line 790]
Event: 0.566 Thread 0x0000020702f1dde0 Exception <a 'java/lang/ClassNotFoundException'{0x000000074bf775b8}: sun/awt/resources/spi/awtProvider> (0x000000074bf775b8) 
thrown [t:\workspace\open\src\hotspot\share\classfile\systemDictionary.cpp, line 256]
Event: 0.589 Thread 0x0000020702f1dde0 Exception <a 'java/io/FileNotFoundException'{0x000000074bfd57c0}> (0x000000074bfd57c0) 
thrown [t:\workspace\open\src\hotspot\share\prims\jni.cpp, line 579]
Event: 0.598 Thread 0x0000020702f1dde0 Exception <a 'java/io/FileNotFoundException'{0x000000074bc066a8}> (0x000000074bc066a8) 
thrown [t:\workspace\open\src\hotspot\share\prims\jni.cpp, line 579]
Event: 0.646 Thread 0x0000020702f1dde0 Exception <a 'java/lang/NoSuchMethodError'{0x000000074bd01c70}: 'java.lang.Object java.lang.invoke.DirectMethodHandle$Holder.invokeStaticInit(java.lang.Object, int, int, int, int)'> (0x000000074bd01c70) 
thrown [t:\workspace\open\src\hotspot\share\interpreter\linkResolver.cpp, line 790]
Event: 0.693 Thread 0x0000020702f1dde0 Exception <a 'java/lang/NoSuchMethodError'{0x000000074bd729f8}: 'java.lang.Object java.lang.invoke.DirectMethodHandle$Holder.invokeStaticInit(java.lang.Object, java.lang.Object, int, int, int, int)'> (0x000000074bd729f8) 
thrown [t:\workspace\open\src\hotspot\share\interpreter\linkResolver.cpp, line 790]
Event: 0.705 Thread 0x0000020702f1dde0 Exception <a 'java/lang/NoSuchMethodError'{0x000000074bd98df8}: 'java.lang.Object java.lang.invoke.DirectMethodHandle$Holder.invokeStaticInit(java.lang.Object)'> (0x000000074bd98df8) 
thrown [t:\workspace\open\src\hotspot\share\interpreter\linkResolver.cpp, line 790]
Event: 0.958 Thread 0x0000020702f1dde0 Exception <a 'java/lang/NoSuchMethodError'{0x000000074b85e3b8}: 'java.lang.Object java.lang.invoke.DirectMethodHandle$Holder.newInvokeSpecial(java.lang.Object, java.lang.Object, java.lang.Object, java.lang.Object, java.lang.Object)'> (0x000000074b85e3b8) 
thrown [t:\workspace\open\src\hotspot\share\interpreter\linkResolver.cpp, line 790]
Event: 0.960 Thread 0x0000020702f1dde0 Exception <a 'java/lang/NoSuchMethodError'{0x000000074b869ea0}: 'java.lang.Object java.lang.invoke.DirectMethodHandle$Holder.invokeStatic(java.lang.Object, int, java.lang.Object, java.lang.Object, java.lang.Object, java.lang.Object)'> (0x000000074b869ea0) 
thrown [t:\workspace\open\src\hotspot\share\interpreter\linkResolver.cpp, line 790]
Event: 0.965 Thread 0x0000020702f1dde0 Exception <a 'java/lang/NoSuchMethodError'{0x000000074b890750}: 'java.lang.Object java.lang.invoke.DirectMethodHandle$Holder.invokeStatic(java.lang.Object, int, java.lang.Object)'> (0x000000074b890750) 
thrown [t:\workspace\open\src\hotspot\share\interpreter\linkResolver.cpp, line 790]
Event: 0.992 Thread 0x0000020702f1dde0 Exception <a 'java/lang/ClassNotFoundException'{0x000000074b9578f0}: com/sun/swing/internal/plaf/metal/resources/spi/metalProvider> (0x000000074b9578f0) 
thrown [t:\workspace\open\src\hotspot\share\classfile\systemDictionary.cpp, line 256]
Event: 0.993 Thread 0x0000020702f1dde0 Exception <a 'java/lang/ClassNotFoundException'{0x000000074b95e360}: com/sun/swing/internal/plaf/basic/resources/spi/basicProvider> (0x000000074b95e360) 
thrown [t:\workspace\open\src\hotspot\share\classfile\systemDictionary.cpp, line 256]
Event: 1.010 Thread 0x000002072029f5a0 Exception <a 'java/lang/NoSuchMethodError'{0x000000074bb6c8e8}: 'void java.lang.invoke.DirectMethodHandle$Holder.invokeVirtual(java.lang.Object, java.lang.Object)'> (0x000000074bb6c8e8) 
thrown [t:\workspace\open\src\hotspot\share\interpreter\linkResolver.cpp, line 790]
Event: 1.031 Thread 0x0000020702f1dde0 Exception <a 'java/lang/NoSuchMethodError'{0x000000074b65b5c0}: 'void java.lang.invoke.DirectMethodHandle$Holder.invokeStaticInit(java.lang.Object)'> (0x000000074b65b5c0) 
thrown [t:\workspace\open\src\hotspot\share\interpreter\linkResolver.cpp, line 790]

Events (20 events):
Event: 22.159 Executing  VM operation: Cleanup
Event: 22.159 Executing  VM operation: Cleanup done
Event: 24.159 Executing  VM operation: Cleanup
Event: 24.159 Executing  VM operation: Cleanup done
Event: 26.160 Executing  VM operation: Cleanup
Event: 26.160 Executing  VM operation: Cleanup done
Event: 32.163 Executing  VM operation: Cleanup
Event: 32.163 Executing  VM operation: Cleanup done
Event: 37.180 Executing  VM operation: Cleanup
Event: 37.180 Executing  VM operation: Cleanup done
Event: 37.739 Thread 0x0000020720673260 Thread added: 0x0000020720673260
Event: 37.739 Thread 0x0000020720674cf0 Thread added: 0x0000020720674cf0
Event: 37.739 Thread 0x0000020720676230 Thread added: 0x0000020720676230
Event: 37.739 loading class java/util/WeakHashMap$KeyIterator
Event: 37.739 Thread 0x0000020720674cf0 Thread exited: 0x0000020720674cf0
Event: 37.739 Thread 0x00000207200d7b90 Thread exited: 0x00000207200d7b90
Event: 37.739 loading class java/util/WeakHashMap$HashIterator
Event: 37.739 loading class java/util/WeakHashMap$HashIterator done
Event: 37.740 loading class java/util/WeakHashMap$KeyIterator done
Event: 37.740 Thread 0x0000020720673260 Thread exited: 0x0000020720673260


Dynamic libraries:
0x00007ff60f310000 - 0x00007ff60f31e000 	C:\Users\Diogo\.p2\pool\plugins\org.eclipse.justj.openjdk.hotspot.jre.full.win32.x86_64_16.0.2.v20210721-1149\jre\bin\javaw.exe
0x00007ff8e83b0000 - 0x00007ff8e85a5000 	C:\Windows\SYSTEM32\ntdll.dll
0x00007ff8e6c60000 - 0x00007ff8e6d1e000 	C:\Windows\System32\KERNEL32.DLL
0x00007ff8e5fc0000 - 0x00007ff8e6289000 	C:\Windows\System32\KERNELBASE.dll
0x00007ff8e5ec0000 - 0x00007ff8e5fc0000 	C:\Windows\System32\ucrtbase.dll
0x00007ff8d7640000 - 0x00007ff8d7658000 	C:\Users\Diogo\.p2\pool\plugins\org.eclipse.justj.openjdk.hotspot.jre.full.win32.x86_64_16.0.2.v20210721-1149\jre\bin\jli.dll
0x00007ff8e6a30000 - 0x00007ff8e6bd1000 	C:\Windows\System32\USER32.dll
0x00007ff8e6290000 - 0x00007ff8e62b2000 	C:\Windows\System32\win32u.dll
0x00007ff8e7b10000 - 0x00007ff8e7b3b000 	C:\Windows\System32\GDI32.dll
0x00007ff8e62f0000 - 0x00007ff8e63fb000 	C:\Windows\System32\gdi32full.dll
0x00007ff8e5ad0000 - 0x00007ff8e5b6d000 	C:\Windows\System32\msvcp_win.dll
0x00007ff8d7620000 - 0x00007ff8d7639000 	C:\Users\Diogo\.p2\pool\plugins\org.eclipse.justj.openjdk.hotspot.jre.full.win32.x86_64_16.0.2.v20210721-1149\jre\bin\VCRUNTIME140.dll
0x00007ff8c3a00000 - 0x00007ff8c3c9a000 	C:\Windows\WinSxS\amd64_microsoft.windows.common-controls_6595b64144ccf1df_6.0.19041.1110_none_60b5254171f9507e\COMCTL32.dll
0x00007ff8e6d20000 - 0x00007ff8e6dbe000 	C:\Windows\System32\msvcrt.dll
0x00007ff8e7620000 - 0x00007ff8e7650000 	C:\Windows\System32\IMM32.DLL
0x00007ff8da330000 - 0x00007ff8da33c000 	C:\Users\Diogo\.p2\pool\plugins\org.eclipse.justj.openjdk.hotspot.jre.full.win32.x86_64_16.0.2.v20210721-1149\jre\bin\vcruntime140_1.dll
0x00007ff8ccd20000 - 0x00007ff8ccdb1000 	C:\Users\Diogo\.p2\pool\plugins\org.eclipse.justj.openjdk.hotspot.jre.full.win32.x86_64_16.0.2.v20210721-1149\jre\bin\msvcp140.dll
0x00007ff8a0b90000 - 0x00007ff8a173b000 	C:\Users\Diogo\.p2\pool\plugins\org.eclipse.justj.openjdk.hotspot.jre.full.win32.x86_64_16.0.2.v20210721-1149\jre\bin\server\jvm.dll
0x00007ff8e8040000 - 0x00007ff8e80ec000 	C:\Windows\System32\ADVAPI32.dll
0x00007ff8e6de0000 - 0x00007ff8e6e7b000 	C:\Windows\System32\sechost.dll
0x00007ff8e6760000 - 0x00007ff8e688a000 	C:\Windows\System32\RPCRT4.dll
0x00007ff8e6dd0000 - 0x00007ff8e6dd8000 	C:\Windows\System32\PSAPI.DLL
0x00007ff8e1a50000 - 0x00007ff8e1a59000 	C:\Windows\SYSTEM32\WSOCK32.dll
0x00007ff8e7770000 - 0x00007ff8e77db000 	C:\Windows\System32\WS2_32.dll
0x00007ff8d5f60000 - 0x00007ff8d5f87000 	C:\Windows\SYSTEM32\WINMM.dll
0x00007ff8dd450000 - 0x00007ff8dd45a000 	C:\Windows\SYSTEM32\VERSION.dll
0x00007ff8e3910000 - 0x00007ff8e3922000 	C:\Windows\SYSTEM32\kernel.appcore.dll
0x00007ff8e1310000 - 0x00007ff8e131a000 	C:\Users\Diogo\.p2\pool\plugins\org.eclipse.justj.openjdk.hotspot.jre.full.win32.x86_64_16.0.2.v20210721-1149\jre\bin\jimage.dll
0x00007ff8df990000 - 0x00007ff8dfb74000 	C:\Windows\SYSTEM32\DBGHELP.DLL
0x00007ff8df960000 - 0x00007ff8df98c000 	C:\Windows\SYSTEM32\dbgcore.DLL
0x00007ff8e5b70000 - 0x00007ff8e5bf3000 	C:\Windows\System32\bcryptPrimitives.dll
0x00007ff8d75e0000 - 0x00007ff8d761b000 	C:\Users\Diogo\.p2\pool\plugins\org.eclipse.justj.openjdk.hotspot.jre.full.win32.x86_64_16.0.2.v20210721-1149\jre\bin\jdwp.dll
0x00007ff8da0c0000 - 0x00007ff8da0ce000 	C:\Users\Diogo\.p2\pool\plugins\org.eclipse.justj.openjdk.hotspot.jre.full.win32.x86_64_16.0.2.v20210721-1149\jre\bin\instrument.dll
0x00007ff8da5b0000 - 0x00007ff8da5d5000 	C:\Users\Diogo\.p2\pool\plugins\org.eclipse.justj.openjdk.hotspot.jre.full.win32.x86_64_16.0.2.v20210721-1149\jre\bin\java.dll
0x00007ff8dcba0000 - 0x00007ff8dcbb8000 	C:\Users\Diogo\.p2\pool\plugins\org.eclipse.justj.openjdk.hotspot.jre.full.win32.x86_64_16.0.2.v20210721-1149\jre\bin\zip.dll
0x00007ff8e6e80000 - 0x00007ff8e75bf000 	C:\Windows\System32\SHELL32.dll
0x00007ff8e3bf0000 - 0x00007ff8e4380000 	C:\Windows\SYSTEM32\windows.storage.dll
0x00007ff8e6400000 - 0x00007ff8e6755000 	C:\Windows\System32\combase.dll
0x00007ff8e5520000 - 0x00007ff8e554c000 	C:\Windows\SYSTEM32\Wldp.dll
0x00007ff8e77e0000 - 0x00007ff8e788e000 	C:\Windows\System32\SHCORE.dll
0x00007ff8e7b40000 - 0x00007ff8e7b95000 	C:\Windows\System32\shlwapi.dll
0x00007ff8e5a10000 - 0x00007ff8e5a2f000 	C:\Windows\SYSTEM32\profapi.dll
0x00007ff8d9e10000 - 0x00007ff8d9e1c000 	C:\Users\Diogo\.p2\pool\plugins\org.eclipse.justj.openjdk.hotspot.jre.full.win32.x86_64_16.0.2.v20210721-1149\jre\bin\dt_socket.dll
0x00007ff8e4ea0000 - 0x00007ff8e4edb000 	C:\Windows\SYSTEM32\IPHLPAPI.DLL
0x00007ff8e5210000 - 0x00007ff8e527a000 	C:\Windows\system32\mswsock.dll
0x00007ff8e4ee0000 - 0x00007ff8e4fac000 	C:\Windows\SYSTEM32\DNSAPI.dll
0x00007ff8e6890000 - 0x00007ff8e6898000 	C:\Windows\System32\NSI.dll
0x00007ff8e0360000 - 0x00007ff8e036a000 	C:\Windows\System32\rasadhlp.dll
0x00007ff8e0280000 - 0x00007ff8e02ff000 	C:\Windows\System32\fwpuclnt.dll
0x00007ff8e62c0000 - 0x00007ff8e62e7000 	C:\Windows\System32\bcrypt.dll
0x00007ff8da9a0000 - 0x00007ff8da9b9000 	C:\Users\Diogo\.p2\pool\plugins\org.eclipse.justj.openjdk.hotspot.jre.full.win32.x86_64_16.0.2.v20210721-1149\jre\bin\net.dll
0x00007ff8e05b0000 - 0x00007ff8e06b8000 	C:\Windows\SYSTEM32\WINHTTP.dll
0x00007ff8d76c0000 - 0x00007ff8d76d3000 	C:\Users\Diogo\.p2\pool\plugins\org.eclipse.justj.openjdk.hotspot.jre.full.win32.x86_64_16.0.2.v20210721-1149\jre\bin\nio.dll
0x00007ff8e11a0000 - 0x00007ff8e11b0000 	C:\Users\Diogo\.p2\pool\plugins\org.eclipse.justj.openjdk.hotspot.jre.full.win32.x86_64_16.0.2.v20210721-1149\jre\bin\verify.dll
0x00007ff8b7e10000 - 0x00007ff8b7f8f000 	C:\Users\Diogo\.p2\pool\plugins\org.eclipse.justj.openjdk.hotspot.jre.full.win32.x86_64_16.0.2.v20210721-1149\jre\bin\awt.dll
0x00007ff8e7890000 - 0x00007ff8e795d000 	C:\Windows\System32\OLEAUT32.dll
0x00007ff8e3350000 - 0x00007ff8e33e0000 	C:\Windows\SYSTEM32\apphelp.dll
0x00007ff8e5400000 - 0x00007ff8e5418000 	C:\Windows\SYSTEM32\CRYPTSP.dll
0x00007ff8e4b30000 - 0x00007ff8e4b64000 	C:\Windows\system32\rsaenh.dll
0x00007ff8e59d0000 - 0x00007ff8e59fe000 	C:\Windows\SYSTEM32\USERENV.dll
0x00007ff8e5420000 - 0x00007ff8e542c000 	C:\Windows\SYSTEM32\CRYPTBASE.dll
0x00007ff8e0c70000 - 0x00007ff8e0c87000 	C:\Windows\SYSTEM32\dhcpcsvc6.DLL
0x00007ff8e0c50000 - 0x00007ff8e0c6d000 	C:\Windows\SYSTEM32\dhcpcsvc.DLL
0x00007ff8e38e0000 - 0x00007ff8e390f000 	C:\Windows\system32\DWMAPI.DLL
0x00007ff8e3530000 - 0x00007ff8e35ce000 	C:\Windows\system32\uxtheme.dll
0x00007ff8b78e0000 - 0x00007ff8b7a05000 	C:\Windows\system32\opengl32.dll
0x00007ff8beb40000 - 0x00007ff8beb6c000 	C:\Windows\SYSTEM32\GLU32.dll
0x00007ff8e7650000 - 0x00007ff8e7765000 	C:\Windows\System32\MSCTF.dll
0x00007ff8e6900000 - 0x00007ff8e6a2a000 	C:\Windows\System32\ole32.dll
0x00007ff8d3be0000 - 0x00007ff8d3c1b000 	C:\Windows\SYSTEM32\dxcore.dll
0x00007ff8e5d10000 - 0x00007ff8e5d5e000 	C:\Windows\System32\cfgmgr32.dll
0x00007ff8b4ad0000 - 0x00007ff8b4b59000 	C:\Users\Diogo\.p2\pool\plugins\org.eclipse.justj.openjdk.hotspot.jre.full.win32.x86_64_16.0.2.v20210721-1149\jre\bin\freetype.dll
0x00007ff8b49d0000 - 0x00007ff8b4ac6000 	C:\Users\Diogo\.p2\pool\plugins\org.eclipse.justj.openjdk.hotspot.jre.full.win32.x86_64_16.0.2.v20210721-1149\jre\bin\harfbuzz.dll
0x00007ff8c7180000 - 0x00007ff8c7192000 	C:\Users\Diogo\.p2\pool\plugins\org.eclipse.justj.openjdk.hotspot.jre.full.win32.x86_64_16.0.2.v20210721-1149\jre\bin\fontmanager.dll
0x00007ff8da480000 - 0x00007ff8da579000 	C:\Windows\SYSTEM32\textinputframework.dll
0x00007ff8e2dc0000 - 0x00007ff8e311e000 	C:\Windows\System32\CoreUIComponents.dll
0x00007ff8e3120000 - 0x00007ff8e3212000 	C:\Windows\System32\CoreMessaging.dll
0x00007ff8e4880000 - 0x00007ff8e48b3000 	C:\Windows\SYSTEM32\ntmarta.dll
0x00007ff8e26f0000 - 0x00007ff8e2844000 	C:\Windows\SYSTEM32\wintypes.dll

dbghelp: loaded successfully - version: 4.0.5 - missing functions: none
symbol engine: initialized successfully - sym options: 0x614 - pdb path: .;C:\Users\Diogo\.p2\pool\plugins\org.eclipse.justj.openjdk.hotspot.jre.full.win32.x86_64_16.0.2.v20210721-1149\jre\bin;C:\Windows\SYSTEM32;C:\Windows\WinSxS\amd64_microsoft.windows.common-controls_6595b64144ccf1df_6.0.19041.1110_none_60b5254171f9507e;C:\Users\Diogo\.p2\pool\plugins\org.eclipse.justj.openjdk.hotspot.jre.full.win32.x86_64_16.0.2.v20210721-1149\jre\bin\server;C:\Windows\System32\DriverStore\FileRepository\u0350748.inf_amd64_d3e8e17de1305f5f\B349558

VM Arguments:
jvm_args: -XX:+ShowCodeDetailsInExceptionMessages -agentlib:jdwp=transport=dt_socket,suspend=y,address=localhost:50437 -javaagent:C:\Users\Diogo\eclipse\java-2021-09\eclipse\configuration\org.eclipse.osgi\222\0\.cp\lib\javaagent-shaded.jar -Dfile.encoding=Cp1252 
java_command: zeldaminiclone.Game
java_class_path (initial): C:\Users\Diogo\eclipse-workspace\zeldaminiclone\bin
Launcher Type: SUN_STANDARD

[Global flags]
     intx CICompilerCount                          = 3                                         {product} {ergonomic}
     uint ConcGCThreads                            = 2                                         {product} {ergonomic}
     uint G1ConcRefinementThreads                  = 6                                         {product} {ergonomic}
   size_t G1HeapRegionSize                         = 2097152                                   {product} {ergonomic}
    uintx GCDrainStackTargetSize                   = 64                                        {product} {ergonomic}
   size_t InitialHeapSize                          = 201326592                                 {product} {ergonomic}
   size_t MarkStackSize                            = 4194304                                   {product} {ergonomic}
   size_t MaxHeapSize                              = 3217031168                                {product} {ergonomic}
   size_t MaxNewSize                               = 1929379840                                {product} {ergonomic}
   size_t MinHeapDeltaBytes                        = 2097152                                   {product} {ergonomic}
   size_t MinHeapSize                              = 8388608                                   {product} {ergonomic}
    uintx NonNMethodCodeHeapSize                   = 5832780                                {pd product} {ergonomic}
    uintx NonProfiledCodeHeapSize                  = 122912730                              {pd product} {ergonomic}
    uintx ProfiledCodeHeapSize                     = 122912730                              {pd product} {ergonomic}
    uintx ReservedCodeCacheSize                    = 251658240                              {pd product} {ergonomic}
     bool SegmentedCodeCache                       = true                                      {product} {ergonomic}
     bool ShowCodeDetailsInExceptionMessages       = true                                   {manageable} {command line}
   size_t SoftMaxHeapSize                          = 3217031168                             {manageable} {ergonomic}
     bool UseCompressedClassPointers               = true                           {product lp64_product} {ergonomic}
     bool UseCompressedOops                        = true                           {product lp64_product} {ergonomic}
     bool UseG1GC                                  = true                                      {product} {ergonomic}
     bool UseLargePagesIndividualAllocation        = false                                  {pd product} {ergonomic}

Logging:
Log output configuration:
 #0: stdout all=warning uptime,level,tags
 #1: stderr all=off uptime,level,tags

Environment Variables:
PATH=C:\Users\Diogo\.p2\pool\plugins\org.eclipse.justj.openjdk.hotspot.jre.full.win32.x86_64_16.0.2.v20210721-1149\jre\bin;C:/Users/Diogo/.p2/pool/plugins/org.eclipse.justj.openjdk.hotspot.jre.full.win32.x86_64_16.0.2.v20210721-1149/jre/bin/server;C:/Users/Diogo/.p2/pool/plugins/org.eclipse.justj.openjdk.hotspot.jre.full.win32.x86_64_16.0.2.v20210721-1149/jre/bin;C:\Program Files (x86)\Common Files\Oracle\Java\javapath;C:\Windows\system32;C:\Windows;C:\Windows\System32\Wbem;C:\Windows\System32\WindowsPowerShell\v1.0\;C:\Windows\System32\OpenSSH\;C:\Program Files\Git\cmd;C:\Program Files (x86)\Yarn\bin\;C:\Program Files\nodejs\;C:\Users\Diogo\AppData\Local\Microsoft\WindowsApps;C:\Users\Diogo\AppData\Local\Programs\Microsoft VS Code\bin;C:\Users\Diogo\AppData\Local\Yarn\bin;C:\Users\Diogo\AppData\Local\GitHubDesktop\bin;C:\Users\Diogo\AppData\Roaming\npm;C:\Users\Diogo\Desktop;
USERNAME=Diogo
OS=Windows_NT
PROCESSOR_IDENTIFIER=AMD64 Family 21 Model 2 Stepping 0, AuthenticAMD



---------------  S Y S T E M  ---------------

OS:
 Windows 10 , 64 bit Build 19041 (10.0.19041.1202)
OS uptime: 9 days 19:24 hours

CPU: total 6 (initial active 6) (6 cores per cpu, 1 threads per core) family 21 model 2 stepping 0 microcode 0x0, cx8, cmov, fxsr, mmx, 3dnowpref, sse, sse2, sse3, ssse3, sse4a, sse4.1, sse4.2, popcnt, lzcnt, tsc, tscinvbit, avx, aes, clmul, bmi1, fma, vzeroupper, clflush

Memory: 4k page, system-wide physical 12269M (6960M free)
TotalPageFile size 14701M (AvailPageFile size 6616M)
current process WorkingSet (physical memory assigned to process): 83M, peak: 115M
current process commit charge ("private bytes"): 300M, peak: 354M

vm_info: OpenJDK 64-Bit Server VM (16.0.2+7-67) for windows-amd64 JRE (16.0.2+7-67), built on Jun  8 2021 23:21:43 by "mach5one" with MS VC++ 16.7 (VS2019)

END.
